Configuring either-4.4.1.1...
Building either-4.4.1.1...
Preprocessing library either-4.4.1.1...
[1 of 3] Compiling Data.Either.Validation ( src/Data/Either/Validation.hs, dist/dist-sandbox-745e76b6/build/Data/Either/Validation.o )

src/Data/Either/Validation.hs:32:1: Warning:
    The import of ‘Data.Monoid’ is redundant
      except perhaps to import instances from ‘Data.Monoid’
    To import instances alone, use: import Data.Monoid()

src/Data/Either/Validation.hs:35:1: Warning:
    The import of ‘Data.Traversable’ is redundant
      except perhaps to import instances from ‘Data.Traversable’
    To import instances alone, use: import Data.Traversable()
[2 of 3] Compiling Data.Either.Combinators ( src/Data/Either/Combinators.hs, dist/dist-sandbox-745e76b6/build/Data/Either/Combinators.o )

src/Data/Either/Combinators.hs:39:1: Warning:
    The import of ‘Control.Applicative’ is redundant
      except perhaps to import instances from ‘Control.Applicative’
    To import instances alone, use: import Control.Applicative()
[3 of 3] Compiling Control.Monad.Trans.Either ( src/Control/Monad/Trans/Either.hs, dist/dist-sandbox-745e76b6/build/Control/Monad/Trans/Either.o )

src/Control/Monad/Trans/Either.hs:3:14: Warning:
    ‘Control.Monad.Trans.Either’ is marked as Trustworthy but has been inferred as safe!

src/Control/Monad/Trans/Either.hs:55:1: Warning:
    The import of ‘Data.Foldable’ is redundant
      except perhaps to import instances from ‘Data.Foldable’
    To import instances alone, use: import Data.Foldable()

src/Control/Monad/Trans/Either.hs:59:1: Warning:
    The import of ‘Data.Traversable’ is redundant
      except perhaps to import instances from ‘Data.Traversable’
    To import instances alone, use: import Data.Traversable()
In-place registering either-4.4.1.1...
Creating package registration file:
/tmp/pkgConf-either-4.4.119399644432112255763.1
Installing library in
/home/prashant/Dropbox/MPL_June/MPL/Final/.cabal-sandbox/lib/x86_64-linux-ghc-7.10.3/either-4.4.1.1-9HOrBGKF8tiARHvPsa9MEM
Registering either-4.4.1.1...
